using en linea 1 Cols 1 - 5 es T_identificador
System en linea 1 Cols 7 - 12 es T_identificador
; en linea 1 cols 13 - 13 es T_Operador
using en linea 2 Cols 1 - 5 es T_identificador
System en linea 2 Cols 7 - 12 es T_identificador
. en linea 2 cols 13 - 13 es T_Operador
Text en linea 2 Cols 14 - 17 es T_identificador
. en linea 2 cols 18 - 18 es T_Operador
RegularExpressions en linea 2 Cols 19 - 36 es T_identificador
; en linea 2 cols 37 - 37 es T_Operador
namespace en linea 5 Cols 1 - 9 es T_identificador
PruebasER en linea 5 Cols 11 - 19 es T_identificador
{ en linea 6 cols 1 - 1 es T_Operador
class en linea 7 Cols 5 - 9 es T_reservada
Program en linea 7 Cols 11 - 17 es T_identificador
{ en linea 8 cols 5 - 5 es T_Operador
static en linea 9 Cols 9 - 14 es T_identificador
void en linea 9 Cols 16 - 19 es T_reservada
Main en linea 9 Cols 21 - 24 es T_identificador
( en linea 9 cols 25 - 25 es T_Operador
string en linea 9 Cols 26 - 31 es T_reservada
[] en linea 9 cols 32 - 33 es T_Operador
args en linea 9 Cols 35 - 38 es T_identificador
) en linea 9 cols 39 - 39 es T_Operador
{ en linea 10 cols 9 - 9 es T_Operador
Regex en linea 11 Cols 13 - 17 es T_identificador
id en linea 11 Cols 19 - 20 es T_identificador
= en linea 11 cols 22 - 22 es T_Operador
new en linea 11 Cols 24 - 26 es T_identificador
Regex en linea 11 Cols 28 - 32 es T_identificador
( en linea 11 cols 33 - 33 es T_Operador
"^[a-z|A-Z]{+([_]|[0-9]|[a-z|A-Z])*" en linea 11 cols 34 - 69 es T_ConstanteString (valor = "^[a-z|A-Z]{+([_]|[0-9]|[a-z|A-Z])*")
) en linea 11 cols 70 - 70 es T_Operador
; en linea 11 cols 71 - 71 es T_Operador
Regex en linea 12 Cols 13 - 17 es T_identificador
enterosB10 en linea 12 Cols 19 - 28 es T_identificador
= en linea 12 cols 30 - 30 es T_Operador
new en linea 12 Cols 32 - 34 es T_identificador
Regex en linea 12 Cols 36 - 40 es T_identificador
( en linea 12 cols 41 - 41 es T_Operador
"^[0-9]+$" en linea 12 cols 42 - 51 es T_ConstanteString (valor = "^[0-9]+$")
) en linea 12 cols 52 - 52 es T_Operador
; en linea 12 cols 53 - 53 es T_Operador
Regex en linea 13 Cols 13 - 17 es T_identificador
decimales en linea 13 Cols 19 - 27 es T_identificador
= en linea 13 cols 29 - 29 es T_Operador
new en linea 13 Cols 31 - 33 es T_identificador
Regex en linea 13 Cols 35 - 39 es T_identificador
( en linea 13 cols 40 - 40 es T_Operador
"[0-9]+[.]([0-9]*)?([eE][+-]?)?[0-9]*$" en linea 13 cols 41 - 79 es T_ConstanteString (valor = "[0-9]+[.]([0-9]*)?([eE][+-]?)?[0-9]*$")
) en linea 13 cols 80 - 80 es T_Operador
; en linea 13 cols 81 - 81 es T_Operador
Regex en linea 14 Cols 13 - 17 es T_identificador
enterosB16 en linea 14 Cols 19 - 28 es T_identificador
= en linea 14 cols 30 - 30 es T_Operador
new en linea 14 Cols 32 - 34 es T_identificador
Regex en linea 14 Cols 36 - 40 es T_identificador
( en linea 14 cols 41 - 41 es T_Operador
"^([0][xX])([0-9]|[abcdefABCDEF]{6})*$" en linea 14 cols 42 - 80 es T_ConstanteString (valor = "^([0][xX])([0-9]|[abcdefABCDEF]{6})*$")
) en linea 14 cols 81 - 81 es T_Operador
; en linea 14 cols 82 - 82 es T_Operador
Regex en linea 15 Cols 13 - 17 es T_identificador
operadores en linea 15 Cols 19 - 28 es T_identificador
= en linea 15 cols 30 - 30 es T_Operador
new en linea 15 Cols 32 - 34 es T_identificador
Regex en linea 15 Cols 36 - 40 es T_identificador
( en linea 15 cols 41 - 41 es T_Operador
"^[+]|[-]|[/]|[%]|[<]|([>][=])|([<][=])|[<]|[=]|([=][=])|[&&]|[||]|[!]|[;]|[,]|[.]|[(]|[)]|([(][)])|[{]|[}]|([{][}])|[[]|[]]|([[][]])" en linea 15 cols 42 - 175 es T_ConstanteString (valor = "^[+]|[-]|[/]|[%]|[<]|([>][=])|([<][=])|[<]|[=]|([=][=])|[&&]|[||]|[!]|[;]|[,]|[.]|[(]|[)]|([(][)])|[{]|[}]|([{][}])|[[]|[]]|([[][]])")
) en linea 15 cols 176 - 176 es T_Operador
; en linea 15 cols 177 - 177 es T_Operador
string en linea 17 Cols 13 - 18 es T_reservada
linea en linea 17 Cols 20 - 24 es T_identificador
= en linea 17 cols 26 - 26 es T_Operador
"" en linea 17 cols 28 - 29 es T_ConstanteString (valor = "")
; en linea 17 cols 30 - 30 es T_Operador
linea en linea 18 Cols 13 - 17 es T_identificador
= en linea 18 cols 18 - 18 es T_Operador
Console en linea 18 Cols 19 - 25 es T_reservada
. en linea 18 cols 26 - 26 es T_Operador
ReadLine en linea 18 Cols 27 - 34 es T_identificador
() en linea 18 cols 35 - 36 es T_Operador
; en linea 18 cols 37 - 37 es T_Operador
while en linea 19 Cols 13 - 17 es T_reservada
( en linea 19 cols 19 - 19 es T_Operador
linea en linea 19 Cols 20 - 24 es T_identificador
!= en linea 19 cols 26 - 27 es T_Operador
"fin" en linea 19 cols 29 - 33 es T_ConstanteString (valor = "fin")
) en linea 19 cols 34 - 34 es T_Operador
{ en linea 20 cols 13 - 13 es T_Operador
if en linea 21 Cols 17 - 18 es T_reservada
( en linea 21 cols 20 - 20 es T_Operador
id en linea 21 Cols 21 - 22 es T_identificador
. en linea 21 cols 23 - 23 es T_Operador
IsMatch en linea 21 Cols 24 - 30 es T_identificador
( en linea 21 cols 31 - 31 es T_Operador
linea en linea 21 Cols 32 - 36 es T_identificador
) en linea 21 cols 37 - 37 es T_Operador
&& en linea 21 Cols 39 - 40es T_Operador
! en linea 21 cols 42 - 42 es T_Operador
decimales en linea 21 Cols 43 - 51 es T_identificador
. en linea 21 cols 52 - 52 es T_Operador
IsMatch en linea 21 Cols 53 - 59 es T_identificador
( en linea 21 cols 60 - 60 es T_Operador
linea en linea 21 Cols 61 - 65 es T_identificador
) en linea 21 cols 66 - 66 es T_Operador
) en linea 21 cols 67 - 67 es T_Operador
{ en linea 22 cols 17 - 17 es T_Operador
Console en linea 23 Cols 21 - 27 es T_reservada
. en linea 23 cols 28 - 28 es T_Operador
WriteLine en linea 23 Cols 29 - 37 es T_reservada
( en linea 23 cols 38 - 38 es T_Operador
"es id" en linea 23 cols 39 - 45 es T_ConstanteString (valor = "es id")
) en linea 23 cols 46 - 46 es T_Operador
; en linea 23 cols 47 - 47 es T_Operador
} en linea 24 cols 17 - 17 es T_Operador
else en linea 25 Cols 17 - 20 es T_reservada
if en linea 25 Cols 22 - 23 es T_reservada
( en linea 25 cols 25 - 25 es T_Operador
decimales en linea 25 Cols 26 - 34 es T_identificador
. en linea 25 cols 35 - 35 es T_Operador
IsMatch en linea 25 Cols 36 - 42 es T_identificador
( en linea 25 cols 43 - 43 es T_Operador
linea en linea 25 Cols 44 - 48 es T_identificador
) en linea 25 cols 49 - 49 es T_Operador
) en linea 25 cols 50 - 50 es T_Operador
{ en linea 26 cols 17 - 17 es T_Operador
Console en linea 27 Cols 21 - 27 es T_reservada
. en linea 27 cols 28 - 28 es T_Operador
WriteLine en linea 27 Cols 29 - 37 es T_reservada
( en linea 27 cols 38 - 38 es T_Operador
"es decimal" en linea 27 cols 39 - 50 es T_ConstanteString (valor = "es decimal")
) en linea 27 cols 51 - 51 es T_Operador
; en linea 27 cols 52 - 52 es T_Operador
} en linea 28 cols 17 - 17 es T_Operador
else en linea 29 Cols 17 - 20 es T_reservada
if en linea 29 Cols 22 - 23 es T_reservada
( en linea 29 cols 25 - 25 es T_Operador
enterosB10 en linea 29 Cols 26 - 35 es T_identificador
. en linea 29 cols 36 - 36 es T_Operador
IsMatch en linea 29 Cols 37 - 43 es T_identificador
( en linea 29 cols 44 - 44 es T_Operador
linea en linea 29 Cols 45 - 49 es T_identificador
) en linea 29 cols 50 - 50 es T_Operador
) en linea 29 cols 51 - 51 es T_Operador
{ en linea 30 cols 17 - 17 es T_Operador
Console en linea 31 Cols 21 - 27 es T_reservada
. en linea 31 cols 28 - 28 es T_Operador
WriteLine en linea 31 Cols 29 - 37 es T_reservada
( en linea 31 cols 38 - 38 es T_Operador
"es enteroB10" en linea 31 cols 39 - 52 es T_ConstanteString (valor = "es enteroB10")
) en linea 31 cols 53 - 53 es T_Operador
; en linea 31 cols 54 - 54 es T_Operador
} en linea 32 cols 17 - 17 es T_Operador
else en linea 33 Cols 17 - 20 es T_reservada
if en linea 33 Cols 22 - 23 es T_reservada
( en linea 33 cols 25 - 25 es T_Operador
enterosB16 en linea 33 Cols 26 - 35 es T_identificador
. en linea 33 cols 36 - 36 es T_Operador
IsMatch en linea 33 Cols 37 - 43 es T_identificador
( en linea 33 cols 44 - 44 es T_Operador
linea en linea 33 Cols 45 - 49 es T_identificador
) en linea 33 cols 50 - 50 es T_Operador
) en linea 33 cols 51 - 51 es T_Operador
{ en linea 34 cols 17 - 17 es T_Operador
Console en linea 35 Cols 21 - 27 es T_reservada
. en linea 35 cols 28 - 28 es T_Operador
WriteLine en linea 35 Cols 29 - 37 es T_reservada
( en linea 35 cols 38 - 38 es T_Operador
"es enteroB16" en linea 35 cols 39 - 52 es T_ConstanteString (valor = "es enteroB16")
) en linea 35 cols 53 - 53 es T_Operador
; en linea 35 cols 54 - 54 es T_Operador
} en linea 36 cols 17 - 17 es T_Operador
else en linea 37 Cols 17 - 20 es T_reservada
if en linea 37 Cols 22 - 23 es T_reservada
( en linea 37 cols 25 - 25 es T_Operador
operadores en linea 37 Cols 26 - 35 es T_identificador
. en linea 37 cols 36 - 36 es T_Operador
IsMatch en linea 37 Cols 37 - 43 es T_identificador
( en linea 37 cols 44 - 44 es T_Operador
linea en linea 37 Cols 45 - 49 es T_identificador
) en linea 37 cols 50 - 50 es T_Operador
) en linea 37 cols 51 - 51 es T_Operador
{ en linea 38 cols 17 - 17 es T_Operador
Console en linea 39 Cols 21 - 27 es T_reservada
. en linea 39 cols 28 - 28 es T_Operador
WriteLine en linea 39 Cols 29 - 37 es T_reservada
( en linea 39 cols 38 - 38 es T_Operador
"operador" en linea 39 cols 39 - 48 es T_ConstanteString (valor = "operador")
) en linea 39 cols 49 - 49 es T_Operador
; en linea 39 cols 50 - 50 es T_Operador
} en linea 40 cols 17 - 17 es T_Operador
else en linea 41 Cols 17 - 20 es T_reservada
{ en linea 42 cols 17 - 17 es T_Operador
Console en linea 43 Cols 21 - 27 es T_reservada
. en linea 43 cols 28 - 28 es T_Operador
WriteLine en linea 43 Cols 29 - 37 es T_reservada
( en linea 43 cols 38 - 38 es T_Operador
"ni verga" en linea 43 cols 39 - 48 es T_ConstanteString (valor = "ni verga")
) en linea 43 cols 49 - 49 es T_Operador
; en linea 43 cols 50 - 50 es T_Operador
} en linea 44 cols 17 - 17 es T_Operador
linea en linea 45 Cols 17 - 21 es T_identificador
= en linea 45 cols 23 - 23 es T_Operador
Console en linea 45 Cols 25 - 31 es T_reservada
. en linea 45 cols 32 - 32 es T_Operador
ReadLine en linea 45 Cols 33 - 40 es T_identificador
() en linea 45 cols 41 - 42 es T_Operador
; en linea 45 cols 43 - 43 es T_Operador
} en linea 46 cols 13 - 13 es T_Operador
} en linea 47 cols 9 - 9 es T_Operador
} en linea 48 cols 5 - 5 es T_Operador
} en linea 49 cols 1 - 1 es T_Operador
